<?xml version="1.0" encoding="UTF-8"?>
<!-- Generated by org.testng.reporters.JUnitReportReporter -->
<testsuite hostname="DESKTOP-FQ4AVMQ" failures="0" tests="4" name="TestRunner.RunnerTest" time="12.106" errors="0" timestamp="17 Jan 2024 14:42:54 GMT" skipped="0">
  <testcase classname="TestRunner.RunnerTest" name="runScenario" time="0.115"/>
  <testcase classname="TestRunner.RunnerTest" name="runScenario" time="1.670"/>
  <testcase classname="TestRunner.RunnerTest" name="runScenario" time="9.974"/>
  <testcase classname="TestRunner.RunnerTest" name="runScenario" time="0.347"/>
</testsuite> <!-- TestRunner.RunnerTest -->
