<?xml version="1.0" encoding="UTF-8"?>
<!-- Generated by org.testng.reporters.JUnitReportReporter -->
<testsuite hostname="Rushikesh" failures="0" tests="4" name="TestRunner.RunnerTest" time="32.498" errors="0" timestamp="17 Jan 2024 15:09:11 GMT" skipped="0">
  <testcase classname="TestRunner.RunnerTest" name="runScenario" time="1.605"/>
  <testcase classname="TestRunner.RunnerTest" name="runScenario" time="7.000"/>
  <testcase classname="TestRunner.RunnerTest" name="runScenario" time="0.429"/>
  <testcase classname="TestRunner.RunnerTest" name="runScenario" time="23.464"/>
</testsuite> <!-- TestRunner.RunnerTest -->
