<?xml version="1.0" encoding="UTF-8"?>
<!-- Generated by org.testng.reporters.JUnitReportReporter -->
<testsuite hostname="DESKTOP-FQ4AVMQ" failures="0" tests="2" name="TestRunner.RunnerTest" time="10.559" errors="0" timestamp="17 Jan 2024 14:09:33 GMT" skipped="0">
  <testcase classname="TestRunner.RunnerTest" name="runScenario" time="10.483"/>
  <testcase classname="TestRunner.RunnerTest" name="runScenario" time="0.076"/>
</testsuite> <!-- TestRunner.RunnerTest -->
