<?xml version="1.0" encoding="UTF-8"?>
<!-- Generated by org.testng.reporters.JUnitReportReporter -->
<testsuite hostname="Praful" failures="0" tests="1" name="TestRunner.RunnerTest" time="7.130" errors="0" timestamp="17 Jan 2024 13:39:21 GMT" skipped="0">
  <testcase classname="TestRunner.RunnerTest" name="runScenario" time="7.130"/>
</testsuite> <!-- TestRunner.RunnerTest -->
