<?xml version="1.0" encoding="UTF-8"?>
<!-- Generated by org.testng.reporters.JUnitReportReporter -->
<testsuite hostname="Rushikesh" failures="0" tests="3" name="TestRunner.RunnerTest" time="9.174" errors="0" timestamp="17 Jan 2024 14:27:42 GMT" skipped="0">
  <testcase classname="TestRunner.RunnerTest" name="runScenario" time="0.481"/>
  <testcase classname="TestRunner.RunnerTest" name="runScenario" time="7.115"/>
  <testcase classname="TestRunner.RunnerTest" name="runScenario" time="1.578"/>
</testsuite> <!-- TestRunner.RunnerTest -->
